<?xml version="1.0" encoding="UTF-8"?>
<coverage generated="1685656711770" clover="3.2.0">
  <project timestamp="1685656711770" name="All files">
    <metrics statements="56" coveredstatements="49" conditionals="27" coveredconditionals="20" methods="28" coveredmethods="21" elements="111" coveredelements="90" complexity="0" loc="56" ncloc="56" packages="3" files="11" classes="11"/>
    <package name="api">
      <metrics statements="37" coveredstatements="30" conditionals="17" coveredconditionals="11" methods="19" coveredmethods="12"/>
      <file name="call.ts" path="/home/runner/work/IOproject/IOproject/client/src/api/call.ts">
        <metrics statements="9" coveredstatements="8" conditionals="13" coveredconditionals="11" methods="6" coveredmethods="4"/>
        <line num="31" count="18" type="stmt"/>
        <line num="39" count="284" type="cond" truecount="2" falsecount="0"/>
        <line num="40" count="284" type="stmt"/>
        <line num="48" count="284" type="cond" truecount="1" falsecount="0"/>
        <line num="49" count="232" type="stmt"/>
        <line num="52" count="284" type="cond" truecount="2" falsecount="0"/>
        <line num="60" count="283" type="stmt"/>
        <line num="62" count="0" type="stmt"/>
        <line num="63" count="283" type="cond" truecount="2" falsecount="0"/>
      </file>
      <file name="constants.ts" path="/home/runner/work/IOproject/IOproject/client/src/api/constants.ts">
        <metrics statements="1" coveredstatements="1" conditionals="0" coveredconditionals="0" methods="0" coveredmethods="0"/>
        <line num="1" count="18" type="stmt"/>
      </file>
      <file name="events.ts" path="/home/runner/work/IOproject/IOproject/client/src/api/events.ts">
        <metrics statements="2" coveredstatements="2" conditionals="0" coveredconditionals="0" methods="1" coveredmethods="1"/>
        <line num="8" count="2" type="stmt"/>
        <line num="9" count="2" type="stmt"/>
      </file>
      <file name="groups.ts" path="/home/runner/work/IOproject/IOproject/client/src/api/groups.ts">
        <metrics statements="19" coveredstatements="13" conditionals="4" coveredconditionals="0" methods="9" coveredmethods="4"/>
        <line num="24" count="11" type="stmt"/>
        <line num="25" count="11" type="stmt"/>
        <line num="26" count="0" type="stmt"/>
        <line num="33" count="0" type="cond" truecount="0" falsecount="4"/>
        <line num="70" count="11" type="stmt"/>
        <line num="71" count="17" type="stmt"/>
        <line num="76" count="11" type="stmt"/>
        <line num="77" count="13" type="stmt"/>
        <line num="82" count="11" type="stmt"/>
        <line num="83" count="0" type="stmt"/>
        <line num="88" count="11" type="stmt"/>
        <line num="89" count="28" type="stmt"/>
        <line num="95" count="11" type="stmt"/>
        <line num="96" count="9" type="stmt"/>
        <line num="102" count="11" type="stmt"/>
        <line num="103" count="0" type="stmt"/>
        <line num="108" count="11" type="stmt"/>
        <line num="113" count="0" type="stmt"/>
        <line num="117" count="0" type="stmt"/>
      </file>
      <file name="post_login.ts" path="/home/runner/work/IOproject/IOproject/client/src/api/post_login.ts">
        <metrics statements="2" coveredstatements="2" conditionals="0" coveredconditionals="0" methods="1" coveredmethods="1"/>
        <line num="3" count="18" type="stmt"/>
        <line num="4" count="78" type="stmt"/>
      </file>
      <file name="post_logout.ts" path="/home/runner/work/IOproject/IOproject/client/src/api/post_logout.ts">
        <metrics statements="2" coveredstatements="2" conditionals="0" coveredconditionals="0" methods="1" coveredmethods="1"/>
        <line num="3" count="9" type="stmt"/>
        <line num="4" count="4" type="stmt"/>
      </file>
      <file name="post_register.ts" path="/home/runner/work/IOproject/IOproject/client/src/api/post_register.ts">
        <metrics statements="2" coveredstatements="2" conditionals="0" coveredconditionals="0" methods="1" coveredmethods="1"/>
        <line num="3" count="18" type="stmt"/>
        <line num="10" count="62" type="stmt"/>
      </file>
    </package>
    <package name="api.test">
      <metrics statements="14" coveredstatements="14" conditionals="8" coveredconditionals="7" methods="6" coveredmethods="6"/>
      <file name="delete_groups.ts" path="/home/runner/work/IOproject/IOproject/client/src/api/test/delete_groups.ts">
        <metrics statements="2" coveredstatements="2" conditionals="0" coveredconditionals="0" methods="1" coveredmethods="1"/>
        <line num="3" count="9" type="stmt"/>
        <line num="4" count="18" type="stmt"/>
      </file>
      <file name="delete_users.ts" path="/home/runner/work/IOproject/IOproject/client/src/api/test/delete_users.ts">
        <metrics statements="2" coveredstatements="2" conditionals="0" coveredconditionals="0" methods="1" coveredmethods="1"/>
        <line num="3" count="18" type="stmt"/>
        <line num="4" count="53" type="stmt"/>
      </file>
      <file name="user_helpers.ts" path="/home/runner/work/IOproject/IOproject/client/src/api/test/user_helpers.ts">
        <metrics statements="10" coveredstatements="10" conditionals="8" coveredconditionals="7" methods="4" coveredmethods="4"/>
        <line num="11" count="2" type="stmt"/>
        <line num="24" count="2" type="stmt"/>
        <line num="30" count="2" type="stmt"/>
        <line num="31" count="2" type="stmt"/>
        <line num="32" count="2" type="stmt"/>
        <line num="39" count="2" type="stmt"/>
        <line num="40" count="4" type="stmt"/>
        <line num="41" count="2" type="stmt"/>
        <line num="43" count="2" type="cond" truecount="1" falsecount="1"/>
        <line num="44" count="2" type="stmt"/>
      </file>
    </package>
    <package name="helpers">
      <metrics statements="5" coveredstatements="5" conditionals="2" coveredconditionals="2" methods="3" coveredmethods="3"/>
      <file name="str.ts" path="/home/runner/work/IOproject/IOproject/client/src/helpers/str.ts">
        <metrics statements="5" coveredstatements="5" conditionals="2" coveredconditionals="2" methods="3" coveredmethods="3"/>
        <line num="1" count="9" type="stmt"/>
        <line num="2" count="73" type="cond" truecount="2" falsecount="0"/>
        <line num="4" count="9" type="stmt"/>
        <line num="5" count="6" type="stmt"/>
        <line num="8" count="12" type="stmt"/>
      </file>
    </package>
  </project>
</coverage>
