{"/home/runner/work/IOproject/IOproject/client/src/api/call.ts": {"path":"/home/runner/work/IOproject/IOproject/client/src/api/call.ts","all":false,"statementMap":{"0":{"start":{"line":1,"column":0},"end":{"line":1,"column":37}},"1":{"start":{"line":2,"column":0},"end":{"line":2,"column":46}},"2":{"start":{"line":3,"column":0},"end":{"line":3,"column":0}},"3":{"start":{"line":4,"column":0},"end":{"line":4,"column":27}},"4":{"start":{"line":5,"column":0},"end":{"line":5,"column":10}},"5":{"start":{"line":6,"column":0},"end":{"line":6,"column":9}},"6":{"start":{"line":7,"column":0},"end":{"line":7,"column":12}},"7":{"start":{"line":8,"column":0},"end":{"line":8,"column":9}},"8":{"start":{"line":9,"column":0},"end":{"line":9,"column":12}},"9":{"start":{"line":10,"column":0},"end":{"line":10,"column":12}},"10":{"start":{"line":11,"column":0},"end":{"line":11,"column":10}},"11":{"start":{"line":12,"column":0},"end":{"line":12,"column":0}},"12":{"start":{"line":13,"column":0},"end":{"line":13,"column":30}},"13":{"start":{"line":14,"column":0},"end":{"line":14,"column":14}},"14":{"start":{"line":15,"column":0},"end":{"line":15,"column":28}},"15":{"start":{"line":16,"column":0},"end":{"line":16,"column":13}},"16":{"start":{"line":17,"column":0},"end":{"line":17,"column":3}},"17":{"start":{"line":18,"column":0},"end":{"line":18,"column":80}},"18":{"start":{"line":19,"column":0},"end":{"line":19,"column":14}},"19":{"start":{"line":20,"column":0},"end":{"line":20,"column":10}},"20":{"start":{"line":21,"column":0},"end":{"line":21,"column":24}},"21":{"start":{"line":22,"column":0},"end":{"line":22,"column":34}},"22":{"start":{"line":23,"column":0},"end":{"line":23,"column":17}},"23":{"start":{"line":24,"column":0},"end":{"line":24,"column":66}},"24":{"start":{"line":25,"column":0},"end":{"line":25,"column":1}},"25":{"start":{"line":26,"column":0},"end":{"line":26,"column":0}},"26":{"start":{"line":27,"column":0},"end":{"line":27,"column":3}},"27":{"start":{"line":28,"column":0},"end":{"line":28,"column":50}},"28":{"start":{"line":29,"column":0},"end":{"line":29,"column":3}},"29":{"start":{"line":30,"column":0},"end":{"line":30,"column":79}},"30":{"start":{"line":31,"column":0},"end":{"line":31,"column":7}},"31":{"start":{"line":32,"column":0},"end":{"line":32,"column":9}},"32":{"start":{"line":33,"column":0},"end":{"line":33,"column":7}},"33":{"start":{"line":34,"column":0},"end":{"line":34,"column":20}},"34":{"start":{"line":35,"column":0},"end":{"line":35,"column":9}},"35":{"start":{"line":36,"column":0},"end":{"line":36,"column":14}},"36":{"start":{"line":37,"column":0},"end":{"line":37,"column":45}},"37":{"start":{"line":38,"column":0},"end":{"line":38,"column":35}},"38":{"start":{"line":39,"column":0},"end":{"line":39,"column":33}},"39":{"start":{"line":40,"column":0},"end":{"line":40,"column":50}},"40":{"start":{"line":41,"column":0},"end":{"line":41,"column":3}},"41":{"start":{"line":42,"column":0},"end":{"line":42,"column":0}},"42":{"start":{"line":43,"column":0},"end":{"line":43,"column":48}},"43":{"start":{"line":44,"column":0},"end":{"line":44,"column":29}},"44":{"start":{"line":45,"column":0},"end":{"line":45,"column":27}},"45":{"start":{"line":46,"column":0},"end":{"line":46,"column":61}},"46":{"start":{"line":47,"column":0},"end":{"line":47,"column":19}},"47":{"start":{"line":48,"column":0},"end":{"line":48,"column":4}},"48":{"start":{"line":49,"column":0},"end":{"line":49,"column":70}},"49":{"start":{"line":50,"column":0},"end":{"line":50,"column":18}},"50":{"start":{"line":51,"column":0},"end":{"line":51,"column":16}},"51":{"start":{"line":52,"column":0},"end":{"line":52,"column":17}},"52":{"start":{"line":53,"column":0},"end":{"line":53,"column":20}},"53":{"start":{"line":54,"column":0},"end":{"line":54,"column":7}},"54":{"start":{"line":55,"column":0},"end":{"line":55,"column":1}}},"s":{"0":1,"1":1,"2":1,"3":1,"4":1,"5":1,"6":1,"7":1,"8":1,"9":1,"10":1,"11":1,"12":1,"13":1,"14":1,"15":1,"16":1,"17":1,"18":1,"19":1,"20":1,"21":1,"22":1,"23":1,"24":1,"25":1,"26":1,"27":1,"28":1,"29":1,"30":4,"31":4,"32":4,"33":4,"34":4,"35":4,"36":4,"37":4,"38":4,"39":1,"40":1,"41":4,"42":4,"43":4,"44":4,"45":4,"46":4,"47":4,"48":4,"49":4,"50":1,"51":1,"52":1,"53":4,"54":4},"branchMap":{"0":{"type":"branch","line":30,"loc":{"start":{"line":30,"column":25},"end":{"line":55,"column":1}},"locations":[{"start":{"line":30,"column":25},"end":{"line":55,"column":1}}]},"1":{"type":"branch","line":38,"loc":{"start":{"line":38,"column":19},"end":{"line":38,"column":35}},"locations":[{"start":{"line":38,"column":19},"end":{"line":38,"column":35}}]},"2":{"type":"branch","line":39,"loc":{"start":{"line":39,"column":32},"end":{"line":41,"column":3}},"locations":[{"start":{"line":39,"column":32},"end":{"line":41,"column":3}}]},"3":{"type":"branch","line":43,"loc":{"start":{"line":43,"column":15},"end":{"line":43,"column":47}},"locations":[{"start":{"line":43,"column":15},"end":{"line":43,"column":47}}]},"4":{"type":"branch","line":44,"loc":{"start":{"line":44,"column":12},"end":{"line":44,"column":29}},"locations":[{"start":{"line":44,"column":12},"end":{"line":44,"column":29}}]},"5":{"type":"branch","line":46,"loc":{"start":{"line":46,"column":8},"end":{"line":46,"column":57}},"locations":[{"start":{"line":46,"column":8},"end":{"line":46,"column":57}}]},"6":{"type":"branch","line":46,"loc":{"start":{"line":46,"column":53},"end":{"line":46,"column":61}},"locations":[{"start":{"line":46,"column":53},"end":{"line":46,"column":61}}]},"7":{"type":"branch","line":49,"loc":{"start":{"line":49,"column":10},"end":{"line":49,"column":69}},"locations":[{"start":{"line":49,"column":10},"end":{"line":49,"column":69}}]},"8":{"type":"branch","line":49,"loc":{"start":{"line":49,"column":29},"end":{"line":49,"column":68}},"locations":[{"start":{"line":49,"column":29},"end":{"line":49,"column":68}}]},"9":{"type":"branch","line":49,"loc":{"start":{"line":49,"column":38},"end":{"line":49,"column":63}},"locations":[{"start":{"line":49,"column":38},"end":{"line":49,"column":63}}]},"10":{"type":"branch","line":50,"loc":{"start":{"line":50,"column":11},"end":{"line":54,"column":6}},"locations":[{"start":{"line":50,"column":11},"end":{"line":54,"column":6}}]},"11":{"type":"branch","line":55,"loc":{"start":{"line":55,"column":0},"end":{"line":55,"column":1}},"locations":[{"start":{"line":55,"column":0},"end":{"line":55,"column":1}}]}},"b":{"0":[4],"1":[3],"2":[1],"3":[1],"4":[1],"5":[2],"6":[2],"7":[3],"8":[3],"9":[0],"10":[1],"11":[4]},"fnMap":{"0":{"name":"fetch_api","decl":{"start":{"line":30,"column":25},"end":{"line":55,"column":1}},"loc":{"start":{"line":30,"column":25},"end":{"line":55,"column":1}},"line":30},"1":{"name":"get","decl":{"start":{"line":55,"column":0},"end":{"line":55,"column":1}},"loc":{"start":{"line":55,"column":0},"end":{"line":55,"column":1}},"line":55}},"f":{"0":4,"1":4}}
,"/home/runner/work/IOproject/IOproject/client/src/api/constants.ts": {"path":"/home/runner/work/IOproject/IOproject/client/src/api/constants.ts","all":false,"statementMap":{"0":{"start":{"line":1,"column":0},"end":{"line":1,"column":52}}},"s":{"0":1},"branchMap":{"0":{"type":"branch","line":1,"loc":{"start":{"line":1,"column":39},"end":{"line":1,"column":52}},"locations":[{"start":{"line":1,"column":39},"end":{"line":1,"column":52}}]}},"b":{"0":[2]},"fnMap":{"0":{"name":"get","decl":{"start":{"line":1,"column":39},"end":{"line":1,"column":52}},"loc":{"start":{"line":1,"column":39},"end":{"line":1,"column":52}},"line":1}},"f":{"0":2}}
}
