{"/home/runner/work/IOproject/IOproject/client/src/api/call.ts": {"path":"/home/runner/work/IOproject/IOproject/client/src/api/call.ts","statementMap":{"0":{"start":{"line":31,"column":25},"end":{"line":66,"column":null}},"1":{"start":{"line":39,"column":19},"end":{"line":39,"column":null}},"2":{"start":{"line":40,"column":23},"end":{"line":47,"column":null}},"3":{"start":{"line":40,"column":36},"end":{"line":47,"column":null}},"4":{"start":{"line":48,"column":2},"end":{"line":50,"column":null}},"5":{"start":{"line":49,"column":4},"end":{"line":49,"column":null}},"6":{"start":{"line":52,"column":2},"end":{"line":65,"column":null}},"7":{"start":{"line":60,"column":6},"end":{"line":63,"column":null}},"8":{"start":{"line":62,"column":21},"end":{"line":62,"column":62}},"9":{"start":{"line":63,"column":14},"end":{"line":63,"column":53}},"10":{"start":{"line":63,"column":44},"end":{"line":63,"column":48}}},"fnMap":{"0":{"name":"(anonymous_0)","decl":{"start":{"line":31,"column":25},"end":{"line":31,"column":78}},"loc":{"start":{"line":38,"column":44},"end":{"line":66,"column":null}}},"1":{"name":"(anonymous_1)","decl":{"start":{"line":40,"column":23},"end":{"line":40,"column":24}},"loc":{"start":{"line":40,"column":36},"end":{"line":47,"column":null}}},"2":{"name":"(anonymous_2)","decl":{"start":{"line":59,"column":10},"end":{"line":59,"column":null}},"loc":{"start":{"line":60,"column":6},"end":{"line":63,"column":null}}},"3":{"name":"(anonymous_3)","decl":{"start":{"line":62,"column":15},"end":{"line":62,"column":21}},"loc":{"start":{"line":62,"column":21},"end":{"line":62,"column":62}}},"4":{"name":"(anonymous_4)","decl":{"start":{"line":63,"column":14},"end":{"line":63,"column":23}},"loc":{"start":{"line":63,"column":14},"end":{"line":63,"column":53}}},"5":{"name":"(anonymous_5)","decl":{"start":{"line":63,"column":39},"end":{"line":63,"column":44}},"loc":{"start":{"line":63,"column":44},"end":{"line":63,"column":48}}}},"branchMap":{"0":{"loc":{"start":{"line":39,"column":19},"end":{"line":39,"column":null}},"type":"binary-expr","locations":[{"start":{"line":39,"column":19},"end":{"line":39,"column":31}},{"start":{"line":39,"column":31},"end":{"line":39,"column":null}}]},"1":{"loc":{"start":{"line":45,"column":10},"end":{"line":45,"column":null}},"type":"cond-expr","locations":[{"start":{"line":45,"column":34},"end":{"line":45,"column":38}},{"start":{"line":45,"column":38},"end":{"line":45,"column":null}}]},"2":{"loc":{"start":{"line":48,"column":2},"end":{"line":50,"column":null}},"type":"if","locations":[{"start":{"line":48,"column":2},"end":{"line":50,"column":null}}]},"3":{"loc":{"start":{"line":52,"column":15},"end":{"line":52,"column":47}},"type":"binary-expr","locations":[{"start":{"line":52,"column":15},"end":{"line":52,"column":25}},{"start":{"line":52,"column":25},"end":{"line":52,"column":47}}]},"4":{"loc":{"start":{"line":53,"column":12},"end":{"line":53,"column":null}},"type":"binary-expr","locations":[{"start":{"line":53,"column":12},"end":{"line":53,"column":22}},{"start":{"line":53,"column":22},"end":{"line":53,"column":null}}]},"5":{"loc":{"start":{"line":56,"column":8},"end":{"line":56,"column":null}},"type":"cond-expr","locations":[{"start":{"line":56,"column":15},"end":{"line":56,"column":57}},{"start":{"line":56,"column":57},"end":{"line":56,"column":null}}]},"6":{"loc":{"start":{"line":63,"column":23},"end":{"line":63,"column":48}},"type":"binary-expr","locations":[{"start":{"line":63,"column":23},"end":{"line":63,"column":39}},{"start":{"line":63,"column":39},"end":{"line":63,"column":48}}]}},"s":{"0":18,"1":284,"2":284,"3":0,"4":284,"5":232,"6":284,"7":283,"8":0,"9":283,"10":283},"f":{"0":284,"1":0,"2":283,"3":0,"4":283,"5":283},"b":{"0":[284,284],"1":[0,0],"2":[232],"3":[284,284],"4":[284,24],"5":[232,52],"6":[283,283]}}
,"/home/runner/work/IOproject/IOproject/client/src/api/constants.ts": {"path":"/home/runner/work/IOproject/IOproject/client/src/api/constants.ts","statementMap":{"0":{"start":{"line":1,"column":23},"end":{"line":1,"column":null}}},"fnMap":{},"branchMap":{},"s":{"0":18},"f":{},"b":{}}
,"/home/runner/work/IOproject/IOproject/client/src/api/events.ts": {"path":"/home/runner/work/IOproject/IOproject/client/src/api/events.ts","statementMap":{"0":{"start":{"line":8,"column":30},"end":{"line":12,"column":null}},"1":{"start":{"line":9,"column":2},"end":{"line":12,"column":null}}},"fnMap":{"0":{"name":"(anonymous_0)","decl":{"start":{"line":8,"column":30},"end":{"line":8,"column":31}},"loc":{"start":{"line":9,"column":2},"end":{"line":12,"column":null}}}},"branchMap":{},"s":{"0":2,"1":2},"f":{"0":2},"b":{}}
,"/home/runner/work/IOproject/IOproject/client/src/api/groups.ts": {"path":"/home/runner/work/IOproject/IOproject/client/src/api/groups.ts","statementMap":{"0":{"start":{"line":24,"column":53},"end":{"line":24,"column":null}},"1":{"start":{"line":25,"column":42},"end":{"line":34,"column":null}},"2":{"start":{"line":26,"column":47},"end":{"line":31,"column":null}},"3":{"start":{"line":33,"column":2},"end":{"line":33,"column":null}},"4":{"start":{"line":70,"column":30},"end":{"line":74,"column":null}},"5":{"start":{"line":71,"column":2},"end":{"line":74,"column":null}},"6":{"start":{"line":76,"column":33},"end":{"line":80,"column":null}},"7":{"start":{"line":77,"column":2},"end":{"line":80,"column":null}},"8":{"start":{"line":82,"column":33},"end":{"line":86,"column":null}},"9":{"start":{"line":83,"column":2},"end":{"line":86,"column":null}},"10":{"start":{"line":88,"column":33},"end":{"line":93,"column":null}},"11":{"start":{"line":89,"column":2},"end":{"line":93,"column":null}},"12":{"start":{"line":95,"column":31},"end":{"line":100,"column":null}},"13":{"start":{"line":96,"column":2},"end":{"line":100,"column":null}},"14":{"start":{"line":102,"column":39},"end":{"line":106,"column":null}},"15":{"start":{"line":103,"column":2},"end":{"line":106,"column":null}},"16":{"start":{"line":108,"column":32},"end":{"line":119,"column":null}},"17":{"start":{"line":113,"column":2},"end":{"line":119,"column":null}},"18":{"start":{"line":117,"column":46},"end":{"line":117,"column":61}}},"fnMap":{"0":{"name":"(anonymous_0)","decl":{"start":{"line":25,"column":42},"end":{"line":25,"column":43}},"loc":{"start":{"line":25,"column":69},"end":{"line":34,"column":null}}},"1":{"name":"(anonymous_1)","decl":{"start":{"line":70,"column":30},"end":{"line":70,"column":null}},"loc":{"start":{"line":71,"column":2},"end":{"line":74,"column":null}}},"2":{"name":"(anonymous_2)","decl":{"start":{"line":76,"column":33},"end":{"line":76,"column":34}},"loc":{"start":{"line":77,"column":2},"end":{"line":80,"column":null}}},"3":{"name":"(anonymous_3)","decl":{"start":{"line":82,"column":33},"end":{"line":82,"column":34}},"loc":{"start":{"line":83,"column":2},"end":{"line":86,"column":null}}},"4":{"name":"(anonymous_4)","decl":{"start":{"line":88,"column":33},"end":{"line":88,"column":34}},"loc":{"start":{"line":89,"column":2},"end":{"line":93,"column":null}}},"5":{"name":"(anonymous_5)","decl":{"start":{"line":95,"column":31},"end":{"line":95,"column":32}},"loc":{"start":{"line":96,"column":2},"end":{"line":100,"column":null}}},"6":{"name":"(anonymous_6)","decl":{"start":{"line":102,"column":39},"end":{"line":102,"column":40}},"loc":{"start":{"line":103,"column":2},"end":{"line":106,"column":null}}},"7":{"name":"(anonymous_7)","decl":{"start":{"line":108,"column":32},"end":{"line":108,"column":null}},"loc":{"start":{"line":113,"column":2},"end":{"line":119,"column":null}}},"8":{"name":"(anonymous_8)","decl":{"start":{"line":117,"column":34},"end":{"line":117,"column":35}},"loc":{"start":{"line":117,"column":46},"end":{"line":117,"column":61}}}},"branchMap":{"0":{"loc":{"start":{"line":33,"column":9},"end":{"line":33,"column":null}},"type":"cond-expr","locations":[{"start":{"line":33,"column":29},"end":{"line":33,"column":40}},{"start":{"line":33,"column":40},"end":{"line":33,"column":null}}]},"1":{"loc":{"start":{"line":33,"column":9},"end":{"line":33,"column":29}},"type":"binary-expr","locations":[{"start":{"line":33,"column":9},"end":{"line":33,"column":16}},{"start":{"line":33,"column":16},"end":{"line":33,"column":29}}]}},"s":{"0":11,"1":11,"2":0,"3":0,"4":11,"5":17,"6":11,"7":13,"8":11,"9":0,"10":11,"11":28,"12":11,"13":9,"14":11,"15":0,"16":11,"17":0,"18":0},"f":{"0":0,"1":17,"2":13,"3":0,"4":28,"5":9,"6":0,"7":0,"8":0},"b":{"0":[0,0],"1":[0,0]}}
,"/home/runner/work/IOproject/IOproject/client/src/api/post_login.ts": {"path":"/home/runner/work/IOproject/IOproject/client/src/api/post_login.ts","statementMap":{"0":{"start":{"line":3,"column":26},"end":{"line":8,"column":null}},"1":{"start":{"line":4,"column":2},"end":{"line":8,"column":null}}},"fnMap":{"0":{"name":"(anonymous_0)","decl":{"start":{"line":3,"column":26},"end":{"line":3,"column":27}},"loc":{"start":{"line":4,"column":2},"end":{"line":8,"column":null}}}},"branchMap":{},"s":{"0":18,"1":78},"f":{"0":78},"b":{}}
,"/home/runner/work/IOproject/IOproject/client/src/api/post_logout.ts": {"path":"/home/runner/work/IOproject/IOproject/client/src/api/post_logout.ts","statementMap":{"0":{"start":{"line":3,"column":27},"end":{"line":6,"column":null}},"1":{"start":{"line":4,"column":2},"end":{"line":6,"column":null}}},"fnMap":{"0":{"name":"(anonymous_0)","decl":{"start":{"line":3,"column":27},"end":{"line":3,"column":null}},"loc":{"start":{"line":4,"column":2},"end":{"line":6,"column":null}}}},"branchMap":{},"s":{"0":9,"1":4},"f":{"0":4},"b":{}}
,"/home/runner/work/IOproject/IOproject/client/src/api/post_register.ts": {"path":"/home/runner/work/IOproject/IOproject/client/src/api/post_register.ts","statementMap":{"0":{"start":{"line":3,"column":29},"end":{"line":14,"column":null}},"1":{"start":{"line":10,"column":2},"end":{"line":14,"column":null}}},"fnMap":{"0":{"name":"(anonymous_0)","decl":{"start":{"line":3,"column":29},"end":{"line":3,"column":null}},"loc":{"start":{"line":10,"column":2},"end":{"line":14,"column":null}}}},"branchMap":{},"s":{"0":18,"1":62},"f":{"0":62},"b":{}}
,"/home/runner/work/IOproject/IOproject/client/src/api/test/delete_groups.ts": {"path":"/home/runner/work/IOproject/IOproject/client/src/api/test/delete_groups.ts","statementMap":{"0":{"start":{"line":3,"column":29},"end":{"line":6,"column":null}},"1":{"start":{"line":4,"column":2},"end":{"line":6,"column":null}}},"fnMap":{"0":{"name":"(anonymous_0)","decl":{"start":{"line":3,"column":29},"end":{"line":3,"column":null}},"loc":{"start":{"line":4,"column":2},"end":{"line":6,"column":null}}}},"branchMap":{},"s":{"0":9,"1":18},"f":{"0":18},"b":{}}
,"/home/runner/work/IOproject/IOproject/client/src/api/test/delete_users.ts": {"path":"/home/runner/work/IOproject/IOproject/client/src/api/test/delete_users.ts","statementMap":{"0":{"start":{"line":3,"column":28},"end":{"line":8,"column":null}},"1":{"start":{"line":4,"column":2},"end":{"line":8,"column":null}}},"fnMap":{"0":{"name":"(anonymous_0)","decl":{"start":{"line":3,"column":28},"end":{"line":3,"column":null}},"loc":{"start":{"line":4,"column":2},"end":{"line":8,"column":null}}}},"branchMap":{},"s":{"0":18,"1":53},"f":{"0":53},"b":{}}
,"/home/runner/work/IOproject/IOproject/client/src/api/test/user_helpers.ts": {"path":"/home/runner/work/IOproject/IOproject/client/src/api/test/user_helpers.ts","statementMap":{"0":{"start":{"line":11,"column":58},"end":{"line":15,"column":null}},"1":{"start":{"line":24,"column":28},"end":{"line":48,"column":null}},"2":{"start":{"line":30,"column":63},"end":{"line":30,"column":null}},"3":{"start":{"line":31,"column":19},"end":{"line":38,"column":null}},"4":{"start":{"line":32,"column":4},"end":{"line":38,"column":null}},"5":{"start":{"line":39,"column":24},"end":{"line":39,"column":null}},"6":{"start":{"line":39,"column":30},"end":{"line":39,"column":null}},"7":{"start":{"line":40,"column":16},"end":{"line":40,"column":null}},"8":{"start":{"line":40,"column":22},"end":{"line":40,"column":null}},"9":{"start":{"line":41,"column":15},"end":{"line":41,"column":null}},"10":{"start":{"line":43,"column":15},"end":{"line":43,"column":null}},"11":{"start":{"line":44,"column":2},"end":{"line":47,"column":null}}},"fnMap":{"0":{"name":"(anonymous_0)","decl":{"start":{"line":24,"column":28},"end":{"line":24,"column":null}},"loc":{"start":{"line":29,"column":5},"end":{"line":48,"column":null}}},"1":{"name":"(anonymous_1)","decl":{"start":{"line":31,"column":19},"end":{"line":31,"column":null}},"loc":{"start":{"line":32,"column":4},"end":{"line":38,"column":null}}},"2":{"name":"(anonymous_2)","decl":{"start":{"line":39,"column":24},"end":{"line":39,"column":30}},"loc":{"start":{"line":39,"column":30},"end":{"line":39,"column":null}}},"3":{"name":"(anonymous_3)","decl":{"start":{"line":40,"column":16},"end":{"line":40,"column":22}},"loc":{"start":{"line":40,"column":22},"end":{"line":40,"column":null}}}},"branchMap":{"0":{"loc":{"start":{"line":33,"column":6},"end":{"line":33,"column":null}},"type":"binary-expr","locations":[{"start":{"line":33,"column":6},"end":{"line":33,"column":20}},{"start":{"line":33,"column":20},"end":{"line":33,"column":null}}]},"1":{"loc":{"start":{"line":34,"column":6},"end":{"line":34,"column":null}},"type":"binary-expr","locations":[{"start":{"line":34,"column":6},"end":{"line":34,"column":19}},{"start":{"line":34,"column":19},"end":{"line":34,"column":null}}]},"2":{"loc":{"start":{"line":36,"column":6},"end":{"line":36,"column":null}},"type":"binary-expr","locations":[{"start":{"line":36,"column":6},"end":{"line":36,"column":15}},{"start":{"line":36,"column":15},"end":{"line":36,"column":null}}]},"3":{"loc":{"start":{"line":43,"column":15},"end":{"line":43,"column":null}},"type":"cond-expr","locations":[{"start":{"line":43,"column":26},"end":{"line":43,"column":49}},{"start":{"line":43,"column":49},"end":{"line":43,"column":null}}]}},"s":{"0":2,"1":2,"2":2,"3":2,"4":2,"5":2,"6":2,"7":2,"8":4,"9":2,"10":2,"11":2},"f":{"0":2,"1":2,"2":2,"3":4},"b":{"0":[2,2],"1":[2,2],"2":[2,2],"3":[2,0]}}
,"/home/runner/work/IOproject/IOproject/client/src/helpers/str.ts": {"path":"/home/runner/work/IOproject/IOproject/client/src/helpers/str.ts","statementMap":{"0":{"start":{"line":1,"column":19},"end":{"line":2,"column":null}},"1":{"start":{"line":2,"column":2},"end":{"line":2,"column":null}},"2":{"start":{"line":4,"column":17},"end":{"line":8,"column":null}},"3":{"start":{"line":5,"column":2},"end":{"line":8,"column":null}},"4":{"start":{"line":8,"column":25},"end":{"line":8,"column":60}}},"fnMap":{"0":{"name":"(anonymous_0)","decl":{"start":{"line":1,"column":19},"end":{"line":1,"column":23}},"loc":{"start":{"line":2,"column":2},"end":{"line":2,"column":null}}},"1":{"name":"(anonymous_1)","decl":{"start":{"line":4,"column":17},"end":{"line":4,"column":18}},"loc":{"start":{"line":5,"column":2},"end":{"line":8,"column":null}}},"2":{"name":"(anonymous_2)","decl":{"start":{"line":8,"column":12},"end":{"line":8,"column":13}},"loc":{"start":{"line":8,"column":25},"end":{"line":8,"column":60}}}},"branchMap":{"0":{"loc":{"start":{"line":2,"column":2},"end":{"line":2,"column":null}},"type":"cond-expr","locations":[{"start":{"line":2,"column":26},"end":{"line":2,"column":55}},{"start":{"line":2,"column":55},"end":{"line":2,"column":null}}]}},"s":{"0":9,"1":73,"2":9,"3":6,"4":12},"f":{"0":73,"1":6,"2":12},"b":{"0":[60,13]}}
}
