{"total": {"lines":{"total":56,"covered":49,"skipped":0,"pct":87.5},"statements":{"total":60,"covered":52,"skipped":0,"pct":86.67},"functions":{"total":28,"covered":21,"skipped":0,"pct":75},"branches":{"total":27,"covered":20,"skipped":0,"pct":74.07}}
,"/home/runner/work/IOproject/IOproject/client/src/api/call.ts": {"lines":{"total":9,"covered":8,"skipped":0,"pct":88.89},"functions":{"total":6,"covered":4,"skipped":0,"pct":66.67},"statements":{"total":11,"covered":9,"skipped":0,"pct":81.82},"branches":{"total":13,"covered":11,"skipped":0,"pct":84.62}}
,"/home/runner/work/IOproject/IOproject/client/src/api/constants.ts": {"lines":{"total":1,"covered":1,"skipped":0,"pct":100},"functions":{"total":0,"covered":0,"skipped":0,"pct":100},"statements":{"total":1,"covered":1,"skipped":0,"pct":100},"branches":{"total":0,"covered":0,"skipped":0,"pct":100}}
,"/home/runner/work/IOproject/IOproject/client/src/api/events.ts": {"lines":{"total":2,"covered":2,"skipped":0,"pct":100},"functions":{"total":1,"covered":1,"skipped":0,"pct":100},"statements":{"total":2,"covered":2,"skipped":0,"pct":100},"branches":{"total":0,"covered":0,"skipped":0,"pct":100}}
,"/home/runner/work/IOproject/IOproject/client/src/api/groups.ts": {"lines":{"total":19,"covered":13,"skipped":0,"pct":68.42},"functions":{"total":9,"covered":4,"skipped":0,"pct":44.44},"statements":{"total":19,"covered":13,"skipped":0,"pct":68.42},"branches":{"total":4,"covered":0,"skipped":0,"pct":0}}
,"/home/runner/work/IOproject/IOproject/client/src/api/post_login.ts": {"lines":{"total":2,"covered":2,"skipped":0,"pct":100},"functions":{"total":1,"covered":1,"skipped":0,"pct":100},"statements":{"total":2,"covered":2,"skipped":0,"pct":100},"branches":{"total":0,"covered":0,"skipped":0,"pct":100}}
,"/home/runner/work/IOproject/IOproject/client/src/api/post_logout.ts": {"lines":{"total":2,"covered":2,"skipped":0,"pct":100},"functions":{"total":1,"covered":1,"skipped":0,"pct":100},"statements":{"total":2,"covered":2,"skipped":0,"pct":100},"branches":{"total":0,"covered":0,"skipped":0,"pct":100}}
,"/home/runner/work/IOproject/IOproject/client/src/api/post_register.ts": {"lines":{"total":2,"covered":2,"skipped":0,"pct":100},"functions":{"total":1,"covered":1,"skipped":0,"pct":100},"statements":{"total":2,"covered":2,"skipped":0,"pct":100},"branches":{"total":0,"covered":0,"skipped":0,"pct":100}}
,"/home/runner/work/IOproject/IOproject/client/src/api/test/delete_groups.ts": {"lines":{"total":2,"covered":2,"skipped":0,"pct":100},"functions":{"total":1,"covered":1,"skipped":0,"pct":100},"statements":{"total":2,"covered":2,"skipped":0,"pct":100},"branches":{"total":0,"covered":0,"skipped":0,"pct":100}}
,"/home/runner/work/IOproject/IOproject/client/src/api/test/delete_users.ts": {"lines":{"total":2,"covered":2,"skipped":0,"pct":100},"functions":{"total":1,"covered":1,"skipped":0,"pct":100},"statements":{"total":2,"covered":2,"skipped":0,"pct":100},"branches":{"total":0,"covered":0,"skipped":0,"pct":100}}
,"/home/runner/work/IOproject/IOproject/client/src/api/test/user_helpers.ts": {"lines":{"total":10,"covered":10,"skipped":0,"pct":100},"functions":{"total":4,"covered":4,"skipped":0,"pct":100},"statements":{"total":12,"covered":12,"skipped":0,"pct":100},"branches":{"total":8,"covered":7,"skipped":0,"pct":87.5}}
,"/home/runner/work/IOproject/IOproject/client/src/helpers/str.ts": {"lines":{"total":5,"covered":5,"skipped":0,"pct":100},"functions":{"total":3,"covered":3,"skipped":0,"pct":100},"statements":{"total":5,"covered":5,"skipped":0,"pct":100},"branches":{"total":2,"covered":2,"skipped":0,"pct":100}}
}
