TN:
SF:src/api/call.ts
FN:31,(anonymous_0)
FN:40,(anonymous_1)
FN:59,(anonymous_2)
FN:62,(anonymous_3)
FN:63,(anonymous_4)
FN:63,(anonymous_5)
FNF:6
FNH:4
FNDA:284,(anonymous_0)
FNDA:0,(anonymous_1)
FNDA:283,(anonymous_2)
FNDA:0,(anonymous_3)
FNDA:283,(anonymous_4)
FNDA:283,(anonymous_5)
DA:31,18
DA:39,284
DA:40,284
DA:48,284
DA:49,232
DA:52,284
DA:60,283
DA:62,0
DA:63,283
LF:9
LH:8
BRDA:39,0,0,284
BRDA:39,0,1,284
BRDA:45,1,0,0
BRDA:45,1,1,0
BRDA:48,2,0,232
BRDA:52,3,0,284
BRDA:52,3,1,284
BRDA:53,4,0,284
BRDA:53,4,1,24
BRDA:56,5,0,232
BRDA:56,5,1,52
BRDA:63,6,0,283
BRDA:63,6,1,283
BRF:13
BRH:11
end_of_record
TN:
SF:src/api/constants.ts
FNF:0
FNH:0
DA:1,18
LF:1
LH:1
BRF:0
BRH:0
end_of_record
TN:
SF:src/api/events.ts
FN:8,(anonymous_0)
FNF:1
FNH:1
FNDA:2,(anonymous_0)
DA:8,2
DA:9,2
LF:2
LH:2
BRF:0
BRH:0
end_of_record
TN:
SF:src/api/groups.ts
FN:25,(anonymous_0)
FN:70,(anonymous_1)
FN:76,(anonymous_2)
FN:82,(anonymous_3)
FN:88,(anonymous_4)
FN:95,(anonymous_5)
FN:102,(anonymous_6)
FN:108,(anonymous_7)
FN:117,(anonymous_8)
FNF:9
FNH:4
FNDA:0,(anonymous_0)
FNDA:17,(anonymous_1)
FNDA:13,(anonymous_2)
FNDA:0,(anonymous_3)
FNDA:28,(anonymous_4)
FNDA:9,(anonymous_5)
FNDA:0,(anonymous_6)
FNDA:0,(anonymous_7)
FNDA:0,(anonymous_8)
DA:24,11
DA:25,11
DA:26,0
DA:33,0
DA:70,11
DA:71,17
DA:76,11
DA:77,13
DA:82,11
DA:83,0
DA:88,11
DA:89,28
DA:95,11
DA:96,9
DA:102,11
DA:103,0
DA:108,11
DA:113,0
DA:117,0
LF:19
LH:13
BRDA:33,0,0,0
BRDA:33,0,1,0
BRDA:33,1,0,0
BRDA:33,1,1,0
BRF:4
BRH:0
end_of_record
TN:
SF:src/api/post_login.ts
FN:3,(anonymous_0)
FNF:1
FNH:1
FNDA:78,(anonymous_0)
DA:3,18
DA:4,78
LF:2
LH:2
BRF:0
BRH:0
end_of_record
TN:
SF:src/api/post_logout.ts
FN:3,(anonymous_0)
FNF:1
FNH:1
FNDA:4,(anonymous_0)
DA:3,9
DA:4,4
LF:2
LH:2
BRF:0
BRH:0
end_of_record
TN:
SF:src/api/post_register.ts
FN:3,(anonymous_0)
FNF:1
FNH:1
FNDA:62,(anonymous_0)
DA:3,18
DA:10,62
LF:2
LH:2
BRF:0
BRH:0
end_of_record
TN:
SF:src/api/test/delete_groups.ts
FN:3,(anonymous_0)
FNF:1
FNH:1
FNDA:18,(anonymous_0)
DA:3,9
DA:4,18
LF:2
LH:2
BRF:0
BRH:0
end_of_record
TN:
SF:src/api/test/delete_users.ts
FN:3,(anonymous_0)
FNF:1
FNH:1
FNDA:53,(anonymous_0)
DA:3,18
DA:4,53
LF:2
LH:2
BRF:0
BRH:0
end_of_record
TN:
SF:src/api/test/user_helpers.ts
FN:24,(anonymous_0)
FN:31,(anonymous_1)
FN:39,(anonymous_2)
FN:40,(anonymous_3)
FNF:4
FNH:4
FNDA:2,(anonymous_0)
FNDA:2,(anonymous_1)
FNDA:2,(anonymous_2)
FNDA:4,(anonymous_3)
DA:11,2
DA:24,2
DA:30,2
DA:31,2
DA:32,2
DA:39,2
DA:40,4
DA:41,2
DA:43,2
DA:44,2
LF:10
LH:10
BRDA:33,0,0,2
BRDA:33,0,1,2
BRDA:34,1,0,2
BRDA:34,1,1,2
BRDA:36,2,0,2
BRDA:36,2,1,2
BRDA:43,3,0,2
BRDA:43,3,1,0
BRF:8
BRH:7
end_of_record
TN:
SF:src/helpers/str.ts
FN:1,(anonymous_0)
FN:4,(anonymous_1)
FN:8,(anonymous_2)
FNF:3
FNH:3
FNDA:73,(anonymous_0)
FNDA:6,(anonymous_1)
FNDA:12,(anonymous_2)
DA:1,9
DA:2,73
DA:4,9
DA:5,6
DA:8,12
LF:5
LH:5
BRDA:2,0,0,60
BRDA:2,0,1,13
BRF:2
BRH:2
end_of_record
